
* Processing the grid command...
* Setting nx to 601 to be consistent with h=50
* Setting ny to 601 to be consistent with h=50
* Setting nz to 341 to be consistent with h=50

Global grid sizes (without ghost points)
Grid         h        Nx        Ny        Nz       Points
   0        50       601       601       341    123169541
Total number of grid points (without ghost points): 1.2317e+08

Done reading input file 
1 Cuda devices found:
      Device 0: name = Tesla V100-SXM2-16GB,  Compute capability:7.0,  Memory (GB) 15
 size of domain 76 x 76 x 341 grid points (excluding ghost points)
 GPU block size 16 x 16 x 1
 GPU grid size  5 x 5 x 341
 GPU cores 80 x 80 x 341
----------------------------------------------------
 Making Output Directory: loh1-h50-results/
		
... Done!
----------------------------------------------------
number of grid point  sources = 216
number of unique g.p. sources = 216
setup of sources done
Running on 64 MPI tasks
starting at time 0 at cycle 1
Time step 1 t= 0.0083877
Time step 101 t= 0.847158
Time step 201 t= 1.68593
Time step 301 t= 2.5247
Time step 401 t= 3.36347
Time step 501 t= 4.20224
Time step 601 t= 5.04101
Time step 701 t= 5.87978
Time step 801 t= 6.71855
Time step 901 t= 7.55732
Writing ASCII USGS file, of size 1001: loh1-h50-results/sta10.txt
Time step 1001 t= 8.39609
Time step 1073 t= 9
   Execution time, solver phase 7.18599 seconds 

----------------------------------------
          Execution time summary 
  Total      BC comm    BC phys    Scheme     Supergrid  Forcing 
7.0403     3.1727     0.046451   0.99892    2.7654     0.038313   Clock tick is 1e-09 seconds
----------------------------------------

Writing ASCII USGS file, of size 1074: loh1-h50-results/sta10.txt
 Total running time: 8.58386
